<?xml version="1.0" encoding="UTF-8"?>
<!-- Generated by org.testng.reporters.JUnitReportReporter -->
<testsuite hostname="LAPTOP-HED3AQD8" failures="0" tests="1" name="myfirstcode.end2end2ByTestNG" time="4.555" errors="0" timestamp="2025-08-09T22:45:29 IST" skipped="0">
  <testcase classname="myfirstcode.end2end2ByTestNG" name="getDetails" time="4.555"/>
</testsuite> <!-- myfirstcode.end2end2ByTestNG -->
