<?xml version="1.0" encoding="UTF-8"?>
<!-- Generated by org.testng.reporters.JUnitReportReporter -->
<testsuite hostname="LAPTOP-HED3AQD8" failures="0" tests="2" name="Data.MyTest" time="0.009" errors="0" timestamp="2025-07-28T21:32:59 IST" skipped="0">
  <testcase classname="Data.MyTest" name="testMethod" time="0.008"/>
  <testcase classname="Data.MyTest" name="testMethod" time="0.001"/>
</testsuite> <!-- Data.MyTest -->
