<?xml version="1.0" encoding="UTF-8"?>
<!-- Generated by org.testng.reporters.JUnitReportReporter -->
<testsuite hostname="LAPTOP-HED3AQD8" failures="0" tests="2" name="Data.HashMapTest" time="0.004" errors="0" timestamp="2025-08-09T22:10:28 IST" skipped="0">
  <testcase classname="Data.HashMapTest" name="testMethod" time="0.000"/>
  <testcase classname="Data.HashMapTest" name="testMethod" time="0.004"/>
</testsuite> <!-- Data.HashMapTest -->
